[2026-07-02 07:19:23] Usando Python en: C:\Users\Chespe\AppData\Local\Programs\Python\Python312\python.exe
[2026-07-02 07:19:23] Carpeta de datos: C:\Users\Chespe\Desktop\DATHBOARD VENTAS\datos
[2026-07-02 07:19:24] Cambios detectados. Ejecutando regeneracion de data.js...
[2026-07-02 07:19:27] Intento 1/3
[2026-07-02 07:19:34] Data.js regenerado correctamente.
[2026-07-02 07:19:39] Publicacion FTP solicitada por el usuario.
[2026-07-02 07:21:26] Usando Python en: C:\Users\Chespe\AppData\Local\Programs\Python\Python312\python.exe
[2026-07-02 07:21:26] Carpeta de datos: C:\Users\Chespe\Desktop\DATHBOARD VENTAS\datos
[2026-07-02 07:21:26] Cambios detectados. Ejecutando regeneracion de data.js...
[2026-07-02 07:21:28] Intento 1/3
[2026-07-02 07:21:35] Data.js regenerado correctamente.
[2026-07-02 07:21:36] Publicacion FTP solicitada por el usuario.
[2026-07-02 07:21:36] Subiendo index.html a ftp://ftp.caroruiz.es/www.caroruiz.es/dashboard/index.html
[2026-07-02 07:21:37] FTPS fallo: Excepci鏮 al llamar a "GetRequestStream" con los argumentos "0": "El certificado remoto no es v嫮ido seg𠒇 el procedimiento de validaci鏮.". Reintentando sin SSL...
[2026-07-02 07:21:37] Subiendo index.html a ftp://ftp.caroruiz.es/www.caroruiz.es/dashboard/index.html
[2026-07-02 07:30:29] Usando Python en: C:\Users\Chespe\AppData\Local\Programs\Python\Python312\python.exe
[2026-07-02 07:30:29] Carpeta de datos: C:\Users\Chespe\Desktop\DATHBOARD VENTAS\datos
[2026-07-02 07:30:29] Cambios detectados. Ejecutando regeneracion de data.js...
[2026-07-02 07:30:32] Intento 1/3
[2026-07-02 07:30:39] Data.js regenerado correctamente.
[2026-07-02 07:30:40] Publicacion FTP solicitada por el usuario.
[2026-07-02 07:30:40] Subiendo index.html a ftp://ftp.caroruiz.es/www.caroruiz.es/dashboard/index.html
[2026-07-02 07:30:41] Subiendo app.js a ftp://ftp.caroruiz.es/www.caroruiz.es/dashboard/app.js
[2026-07-02 07:30:42] Subiendo styles.css a ftp://ftp.caroruiz.es/www.caroruiz.es/dashboard/styles.css
[2026-07-02 07:30:43] Subiendo data.js a ftp://ftp.caroruiz.es/www.caroruiz.es/dashboard/data.js
[2026-07-02 07:30:45] Publicacion FTP completada correctamente usando FTPS.
[2026-07-02 07:32:28] Usando Python en: C:\Users\DEH\AppData\Local\Programs\Python\Python312\python.exe
[2026-07-02 07:32:28] Carpeta de datos: E:\PROYECTOS\dashboard-canal-di\datos
[2026-07-02 07:32:29] Cambios detectados. Ejecutando regeneracion de data.js...
[2026-07-02 07:32:32] Intento 1/3
[2026-07-02 07:32:37] Data.js regenerado correctamente.
[2026-07-02 07:32:38] Publicacion FTP solicitada por el usuario.
[2026-07-02 07:32:38] Subiendo index.html a ftp://ftp.caroruiz.es/www.caroruiz.es/dashboard/index.html
[2026-07-02 07:32:41] Subiendo app.js a ftp://ftp.caroruiz.es/www.caroruiz.es/dashboard/app.js
[2026-07-02 07:32:43] Subiendo styles.css a ftp://ftp.caroruiz.es/www.caroruiz.es/dashboard/styles.css
[2026-07-02 07:32:44] Subiendo data.js a ftp://ftp.caroruiz.es/www.caroruiz.es/dashboard/data.js
[2026-07-02 07:32:46] Publicacion FTP completada correctamente usando FTPS.
