[2026-05-29 08:07:06] Usando Python en: C:\Users\Chespe\AppData\Local\Programs\Python\Python312\python.exe
[2026-05-29 08:07:06] Carpeta de datos: C:\Users\Chespe\Desktop\DATHBOARD VENTAS\datos
[2026-05-29 08:07:07] Cambios detectados. Ejecutando regeneracion de data.js...
[2026-05-29 08:07:10] Intento 1/3
[2026-05-29 08:07:17] Data.js regenerado correctamente.
[2026-05-29 10:57:02] Usando Python en: C:\Users\Chespe\AppData\Local\Programs\Python\Python312\python.exe
[2026-05-29 10:57:02] Carpeta de datos: C:\Users\Chespe\Desktop\DATHBOARD VENTAS\datos
[2026-05-29 10:57:03] Cambios detectados. Ejecutando regeneracion de data.js...
[2026-05-29 10:57:06] Intento 1/3
[2026-05-29 10:57:13] Data.js regenerado correctamente.
[2026-05-29 11:12:25] Usando Python en: C:\Users\Chespe\AppData\Local\Programs\Python\Python312\python.exe
[2026-05-29 11:12:25] Carpeta de datos: C:\Users\Chespe\Desktop\DATHBOARD VENTAS\datos
[2026-05-29 11:12:25] Cambios detectados. Ejecutando regeneracion de data.js...
[2026-05-29 11:12:27] Intento 1/3
[2026-05-29 11:12:33] Data.js regenerado correctamente.
[2026-05-29 11:13:39] Usando Python en: C:\Users\Chespe\AppData\Local\Programs\Python\Python312\python.exe
[2026-05-29 11:13:39] Carpeta de datos: C:\Users\Chespe\Desktop\DATHBOARD VENTAS\datos
[2026-05-29 11:13:39] Cambios detectados. Ejecutando regeneracion de data.js...
[2026-05-29 11:13:41] Intento 1/3
[2026-05-29 11:13:47] Data.js regenerado correctamente.
[2026-05-29 11:14:34] Usando Python en: C:\Users\Chespe\AppData\Local\Programs\Python\Python312\python.exe
[2026-05-29 11:14:34] Carpeta de datos: C:\Users\Chespe\Desktop\DATHBOARD VENTAS\datos
[2026-05-29 11:14:34] Cambios detectados. Ejecutando regeneracion de data.js...
[2026-05-29 11:14:36] Intento 1/3
[2026-05-29 11:14:42] Data.js regenerado correctamente.
